<?xml version="1.0"?>
<!DOCTYPE coverage SYSTEM "http://cobertura.sourceforge.net/xml/coverage-04.dtd">

<coverage line-rate="0.7777777777777778" branch-rate="1.0" lines-covered="7" lines-valid="9" branches-covered="0" branches-valid="0" complexity="1.0" version="2.1.1" timestamp="1574347381908">
	<sources>
		<source>/home/aelharrak/Desktop/workspace/testing-junit5-mockito/target/generated-sources/annotations</source>
		<source>--source</source>
		<source>/home/aelharrak/Desktop/workspace/testing-junit5-mockito/src/main/java</source>
	</sources>
	<packages>
		<package name="com.sqli.core" line-rate="0.3333333333333333" branch-rate="1.0" complexity="1.0">
			<classes>
				<class name="com.sqli.core.StartApplication" filename="com/sqli/core/StartApplication.java" line-rate="0.3333333333333333" branch-rate="1.0" complexity="1.0">
					<methods>
						<method name="&lt;init&gt;" signature="()V" line-rate="1.0" branch-rate="1.0" complexity="0">
							<lines>
								<line number="7" hits="2" branch="false"/>
							</lines>
						</method>
						<method name="main" signature="([Ljava/lang/String;)V" line-rate="0.0" branch-rate="1.0" complexity="0">
							<lines>
								<line number="10" hits="0" branch="false"/>
								<line number="11" hits="0" branch="false"/>
							</lines>
						</method>
					</methods>
					<lines>
						<line number="7" hits="2" branch="false"/>
						<line number="10" hits="0" branch="false"/>
						<line number="11" hits="0" branch="false"/>
					</lines>
				</class>
			</classes>
		</package>
		<package name="com.sqli.core.controller" line-rate="1.0" branch-rate="1.0" complexity="1.0">
			<classes>
				<class name="com.sqli.core.controller.MainController" filename="com/sqli/core/controller/MainController.java" line-rate="1.0" branch-rate="1.0" complexity="1.0">
					<methods>
						<method name="&lt;init&gt;" signature="()V" line-rate="1.0" branch-rate="1.0" complexity="0">
							<lines>
								<line number="8" hits="4" branch="false"/>
							</lines>
						</method>
						<method name="hello" signature="()Ljava/lang/String;" line-rate="1.0" branch-rate="1.0" complexity="0">
							<lines>
								<line number="13" hits="2" branch="false"/>
							</lines>
						</method>
					</methods>
					<lines>
						<line number="8" hits="4" branch="false"/>
						<line number="13" hits="2" branch="false"/>
					</lines>
				</class>
			</classes>
		</package>
		<package name="com.sqli.core.repository" line-rate="1.0" branch-rate="1.0" complexity="1.0">
			<classes>
				<class name="com.sqli.core.repository.HelloRepository" filename="com/sqli/core/repository/HelloRepository.java" line-rate="1.0" branch-rate="1.0" complexity="1.0">
					<methods>
					</methods>
					<lines>
					</lines>
				</class>
				<class name="com.sqli.core.repository.HelloRepositoryImpl" filename="com/sqli/core/repository/HelloRepositoryImpl.java" line-rate="1.0" branch-rate="1.0" complexity="1.0">
					<methods>
						<method name="&lt;init&gt;" signature="()V" line-rate="1.0" branch-rate="1.0" complexity="0">
							<lines>
								<line number="6" hits="4" branch="false"/>
							</lines>
						</method>
						<method name="get" signature="()Ljava/lang/String;" line-rate="1.0" branch-rate="1.0" complexity="0">
							<lines>
								<line number="9" hits="2" branch="false"/>
							</lines>
						</method>
					</methods>
					<lines>
						<line number="6" hits="4" branch="false"/>
						<line number="9" hits="2" branch="false"/>
					</lines>
				</class>
			</classes>
		</package>
		<package name="com.sqli.core.services" line-rate="1.0" branch-rate="1.0" complexity="1.0">
			<classes>
				<class name="com.sqli.core.services.HelloService" filename="com/sqli/core/services/HelloService.java" line-rate="1.0" branch-rate="1.0" complexity="1.0">
					<methods>
					</methods>
					<lines>
					</lines>
				</class>
				<class name="com.sqli.core.services.HelloServiceImpl" filename="com/sqli/core/services/HelloServiceImpl.java" line-rate="1.0" branch-rate="1.0" complexity="1.0">
					<methods>
						<method name="&lt;init&gt;" signature="()V" line-rate="1.0" branch-rate="1.0" complexity="0">
							<lines>
								<line number="8" hits="6" branch="false"/>
							</lines>
						</method>
						<method name="get" signature="()Ljava/lang/String;" line-rate="1.0" branch-rate="1.0" complexity="0">
							<lines>
								<line number="15" hits="4" branch="false"/>
							</lines>
						</method>
					</methods>
					<lines>
						<line number="8" hits="6" branch="false"/>
						<line number="15" hits="4" branch="false"/>
					</lines>
				</class>
			</classes>
		</package>
	</packages>
</coverage>
